This is pdfTeX, Version 3.14159265-2.6-1.40.21 (TeX Live 2020) (preloaded format=pdflatex 2025.7.8)  28 AUG 2025 21:26
entering extended mode
 restricted \write18 enabled.
 file:line:error style messages enabled.
 %&-line parsing enabled.
**/home/mappel/Dynaphos/spatial_frequency/paper/main.tex
(/home/mappel/Dynaphos/spatial_frequency/paper/main.tex
LaTeX2e <2020-10-01> patch level 4
L3 programming layer <2021-02-18> (./IEEEtran.cls
Document Class: IEEEtran 2015/08/26 V1.8b by Michael Shell
-- See the "IEEEtran_HOWTO" manual for usage information.
-- http://www.michaelshell.org/tex/ieeetran/
\@IEEEtrantmpdimenA=\dimen138
\@IEEEtrantmpdimenB=\dimen139
\@IEEEtrantmpdimenC=\dimen140
\@IEEEtrantmpcountA=\count179
\@IEEEtrantmpcountB=\count180
\@IEEEtrantmpcountC=\count181
\@IEEEtrantmptoksA=\toks15
LaTeX Font Info:    Trying to load font information for OT1+ptm on input line 503.
(/usr/share/texlive/texmf-dist/tex/latex/psnfss/ot1ptm.fd
File: ot1ptm.fd 2001/06/04 font definitions for OT1/ptm.
)
-- Using 8.5in x 11in (letter) paper.
-- Using PDF output.
\@IEEEnormalsizeunitybaselineskip=\dimen141
-- This is a 10 point document.
\CLASSINFOnormalsizebaselineskip=\dimen142
\CLASSINFOnormalsizeunitybaselineskip=\dimen143
\IEEEnormaljot=\dimen144
LaTeX Font Info:    Font shape `OT1/ptm/bx/n' in size <5> not available
(Font)              Font shape `OT1/ptm/b/n' tried instead on input line 1090.
LaTeX Font Info:    Font shape `OT1/ptm/bx/it' in size <5> not available
(Font)              Font shape `OT1/ptm/b/it' tried instead on input line 1090.
LaTeX Font Info:    Font shape `OT1/ptm/bx/n' in size <7> not available
(Font)              Font shape `OT1/ptm/b/n' tried instead on input line 1090.
LaTeX Font Info:    Font shape `OT1/ptm/bx/it' in size <7> not available
(Font)              Font shape `OT1/ptm/b/it' tried instead on input line 1090.
LaTeX Font Info:    Font shape `OT1/ptm/bx/n' in size <8> not available
(Font)              Font shape `OT1/ptm/b/n' tried instead on input line 1090.
LaTeX Font Info:    Font shape `OT1/ptm/bx/it' in size <8> not available
(Font)              Font shape `OT1/ptm/b/it' tried instead on input line 1090.
LaTeX Font Info:    Font shape `OT1/ptm/bx/n' in size <9> not available
(Font)              Font shape `OT1/ptm/b/n' tried instead on input line 1090.
LaTeX Font Info:    Font shape `OT1/ptm/bx/it' in size <9> not available
(Font)              Font shape `OT1/ptm/b/it' tried instead on input line 1090.
LaTeX Font Info:    Font shape `OT1/ptm/bx/n' in size <10> not available
(Font)              Font shape `OT1/ptm/b/n' tried instead on input line 1090.
LaTeX Font Info:    Font shape `OT1/ptm/bx/it' in size <10> not available
(Font)              Font shape `OT1/ptm/b/it' tried instead on input line 1090.
LaTeX Font Info:    Font shape `OT1/ptm/bx/n' in size <11> not available
(Font)              Font shape `OT1/ptm/b/n' tried instead on input line 1090.
LaTeX Font Info:    Font shape `OT1/ptm/bx/it' in size <11> not available
(Font)              Font shape `OT1/ptm/b/it' tried instead on input line 1090.
LaTeX Font Info:    Font shape `OT1/ptm/bx/n' in size <12> not available
(Font)              Font shape `OT1/ptm/b/n' tried instead on input line 1090.
LaTeX Font Info:    Font shape `OT1/ptm/bx/it' in size <12> not available
(Font)              Font shape `OT1/ptm/b/it' tried instead on input line 1090.
LaTeX Font Info:    Font shape `OT1/ptm/bx/n' in size <17> not available
(Font)              Font shape `OT1/ptm/b/n' tried instead on input line 1090.
LaTeX Font Info:    Font shape `OT1/ptm/bx/it' in size <17> not available
(Font)              Font shape `OT1/ptm/b/it' tried instead on input line 1090.
LaTeX Font Info:    Font shape `OT1/ptm/bx/n' in size <20> not available
(Font)              Font shape `OT1/ptm/b/n' tried instead on input line 1090.
LaTeX Font Info:    Font shape `OT1/ptm/bx/it' in size <20> not available
(Font)              Font shape `OT1/ptm/b/it' tried instead on input line 1090.
LaTeX Font Info:    Font shape `OT1/ptm/bx/n' in size <24> not available
(Font)              Font shape `OT1/ptm/b/n' tried instead on input line 1090.
LaTeX Font Info:    Font shape `OT1/ptm/bx/it' in size <24> not available
(Font)              Font shape `OT1/ptm/b/it' tried instead on input line 1090.
\IEEEquantizedlength=\dimen145
\IEEEquantizedlengthdiff=\dimen146
\IEEEquantizedtextheightdiff=\dimen147
\IEEEilabelindentA=\dimen148
\IEEEilabelindentB=\dimen149
\IEEEilabelindent=\dimen150
\IEEEelabelindent=\dimen151
\IEEEdlabelindent=\dimen152
\IEEElabelindent=\dimen153
\IEEEiednormlabelsep=\dimen154
\IEEEiedmathlabelsep=\dimen155
\IEEEiedtopsep=\skip47
\c@section=\count182
\c@subsection=\count183
\c@subsubsection=\count184
\c@paragraph=\count185
\c@IEEEsubequation=\count186
\abovecaptionskip=\skip48
\belowcaptionskip=\skip49
\c@figure=\count187
\c@table=\count188
\@IEEEeqnnumcols=\count189
\@IEEEeqncolcnt=\count190
\@IEEEsubeqnnumrollback=\count191
\@IEEEquantizeheightA=\dimen156
\@IEEEquantizeheightB=\dimen157
\@IEEEquantizeheightC=\dimen158
\@IEEEquantizeprevdepth=\dimen159
\@IEEEquantizemultiple=\count192
\@IEEEquantizeboxA=\box47
\@IEEEtmpitemindent=\dimen160
\IEEEPARstartletwidth=\dimen161
\c@IEEEbiography=\count193
\@IEEEtranrubishbin=\box48
) (/usr/share/texlive/texmf-dist/tex/latex/amsmath/amsmath.sty
Package: amsmath 2020/09/23 v2.17i AMS math features
\@mathmargin=\skip50

For additional information on amsmath, use the `?' option.
(/usr/share/texlive/texmf-dist/tex/latex/amsmath/amstext.sty
Package: amstext 2000/06/29 v2.01 AMS text
 (/usr/share/texlive/texmf-dist/tex/latex/amsmath/amsgen.sty
File: amsgen.sty 1999/11/30 v2.0 generic functions
\@emptytoks=\toks16
\ex@=\dimen162
)) (/usr/share/texlive/texmf-dist/tex/latex/amsmath/amsbsy.sty
Package: amsbsy 1999/11/29 v1.2d Bold Symbols
\pmbraise@=\dimen163
) (/usr/share/texlive/texmf-dist/tex/latex/amsmath/amsopn.sty
Package: amsopn 2016/03/08 v2.02 operator names
)
\inf@bad=\count194
LaTeX Info: Redefining \frac on input line 234.
\uproot@=\count195
\leftroot@=\count196
LaTeX Info: Redefining \overline on input line 399.
\classnum@=\count197
\DOTSCASE@=\count198
LaTeX Info: Redefining \ldots on input line 496.
LaTeX Info: Redefining \dots on input line 499.
LaTeX Info: Redefining \cdots on input line 620.
\Mathstrutbox@=\box49
\strutbox@=\box50
\big@size=\dimen164
LaTeX Font Info:    Redeclaring font encoding OML on input line 743.
LaTeX Font Info:    Redeclaring font encoding OMS on input line 744.
\macc@depth=\count199
\c@MaxMatrixCols=\count266
\dotsspace@=\muskip16
\c@parentequation=\count267
\dspbrk@lvl=\count268
\tag@help=\toks17
\row@=\count269
\column@=\count270
\maxfields@=\count271
\andhelp@=\toks18
\eqnshift@=\dimen165
\alignsep@=\dimen166
\tagshift@=\dimen167
\tagwidth@=\dimen168
\totwidth@=\dimen169
\lineht@=\dimen170
\@envbody=\toks19
\multlinegap=\skip51
\multlinetaggap=\skip52
\mathdisplay@stack=\toks20
LaTeX Info: Redefining \[ on input line 2923.
LaTeX Info: Redefining \] on input line 2924.
) (/usr/share/texlive/texmf-dist/tex/latex/amsfonts/amssymb.sty
Package: amssymb 2013/01/14 v3.01 AMS font symbols
 (/usr/share/texlive/texmf-dist/tex/latex/amsfonts/amsfonts.sty
Package: amsfonts 2013/01/14 v3.01 Basic AMSFonts support
\symAMSa=\mathgroup4
\symAMSb=\mathgroup5
LaTeX Font Info:    Redeclaring math symbol \hbar on input line 98.
LaTeX Font Info:    Overwriting math alphabet `\mathfrak' in version `bold'
(Font)                  U/euf/m/n --> U/euf/b/n on input line 106.
)) (/usr/share/texlive/texmf-dist/tex/latex/graphics/graphicx.sty
Package: graphicx 2020/09/09 v1.2b Enhanced LaTeX Graphics (DPC,SPQR)
 (/usr/share/texlive/texmf-dist/tex/latex/graphics/keyval.sty
Package: keyval 2014/10/28 v1.15 key=value parser (DPC)
\KV@toks@=\toks21
) (/usr/share/texlive/texmf-dist/tex/latex/graphics/graphics.sty
Package: graphics 2020/08/30 v1.4c Standard LaTeX Graphics (DPC,SPQR)
 (/usr/share/texlive/texmf-dist/tex/latex/graphics/trig.sty
Package: trig 2016/01/03 v1.10 sin cos tan (DPC)
) (/usr/share/texlive/texmf-dist/tex/latex/graphics-cfg/graphics.cfg
File: graphics.cfg 2016/06/04 v1.11 sample graphics configuration
)
Package graphics Info: Driver file: pdftex.def on input line 105.
 (/usr/share/texlive/texmf-dist/tex/latex/graphics-def/pdftex.def
File: pdftex.def 2020/10/05 v1.2a Graphics/color driver for pdftex
))
\Gin@req@height=\dimen171
\Gin@req@width=\dimen172
) (/usr/share/texlive/texmf-dist/tex/latex/hyperref/hyperref.sty
Package: hyperref 2021-02-27 v7.00k Hypertext links for LaTeX
 (/usr/share/texlive/texmf-dist/tex/generic/ltxcmds/ltxcmds.sty
Package: ltxcmds 2020-05-10 v1.25 LaTeX kernel commands for general use (HO)
) (/usr/share/texlive/texmf-dist/tex/generic/iftex/iftex.sty
Package: iftex 2020/03/06 v1.0d TeX engine tests
) (/usr/share/texlive/texmf-dist/tex/generic/pdftexcmds/pdftexcmds.sty
Package: pdftexcmds 2020-06-27 v0.33 Utility functions of pdfTeX for LuaTeX (HO)
 (/usr/share/texlive/texmf-dist/tex/generic/infwarerr/infwarerr.sty
Package: infwarerr 2019/12/03 v1.5 Providing info/warning/error messages (HO)
)
Package pdftexcmds Info: \pdf@primitive is available.
Package pdftexcmds Info: \pdf@ifprimitive is available.
Package pdftexcmds Info: \pdfdraftmode found.
) (/usr/share/texlive/texmf-dist/tex/generic/kvsetkeys/kvsetkeys.sty
Package: kvsetkeys 2019/12/15 v1.18 Key value parser (HO)
) (/usr/share/texlive/texmf-dist/tex/generic/kvdefinekeys/kvdefinekeys.sty
Package: kvdefinekeys 2019-12-19 v1.6 Define keys (HO)
) (/usr/share/texlive/texmf-dist/tex/generic/pdfescape/pdfescape.sty
Package: pdfescape 2019/12/09 v1.15 Implements pdfTeX's escape features (HO)
) (/usr/share/texlive/texmf-dist/tex/latex/hycolor/hycolor.sty
Package: hycolor 2020-01-27 v1.10 Color options for hyperref/bookmark (HO)
) (/usr/share/texlive/texmf-dist/tex/latex/letltxmacro/letltxmacro.sty
Package: letltxmacro 2019/12/03 v1.6 Let assignment for LaTeX macros (HO)
) (/usr/share/texlive/texmf-dist/tex/latex/auxhook/auxhook.sty
Package: auxhook 2019-12-17 v1.6 Hooks for auxiliary files (HO)
) (/usr/share/texlive/texmf-dist/tex/latex/kvoptions/kvoptions.sty
Package: kvoptions 2020-10-07 v3.14 Key value format for package options (HO)
)
\@linkdim=\dimen173
\Hy@linkcounter=\count272
\Hy@pagecounter=\count273
 (/usr/share/texlive/texmf-dist/tex/latex/hyperref/pd1enc.def
File: pd1enc.def 2021-02-27 v7.00k Hyperref: PDFDocEncoding definition (HO)
Now handling font encoding PD1 ...
... no UTF-8 mapping file for font encoding PD1
) (/usr/share/texlive/texmf-dist/tex/latex/hyperref/hyperref-langpatches.def
File: hyperref-langpatches.def 2021-02-27 v7.00k Hyperref: patches for babel languages
) (/usr/share/texlive/texmf-dist/tex/generic/intcalc/intcalc.sty
Package: intcalc 2019/12/15 v1.3 Expandable calculations with integers (HO)
) (/usr/share/texlive/texmf-dist/tex/generic/etexcmds/etexcmds.sty
Package: etexcmds 2019/12/15 v1.7 Avoid name clashes with e-TeX commands (HO)
)
\Hy@SavedSpaceFactor=\count274
 (/usr/share/texlive/texmf-dist/tex/latex/hyperref/puenc.def
File: puenc.def 2021-02-27 v7.00k Hyperref: PDF Unicode definition (HO)
Now handling font encoding PU ...
... no UTF-8 mapping file for font encoding PU
)
Package hyperref Info: Hyper figures OFF on input line 4192.
Package hyperref Info: Link nesting OFF on input line 4197.
Package hyperref Info: Hyper index ON on input line 4200.
Package hyperref Info: Plain pages OFF on input line 4207.
Package hyperref Info: Backreferencing OFF on input line 4212.
Package hyperref Info: Implicit mode ON; LaTeX internals redefined.
Package hyperref Info: Bookmarks ON on input line 4445.
\c@Hy@tempcnt=\count275
 (/usr/share/texlive/texmf-dist/tex/latex/url/url.sty
\Urlmuskip=\muskip17
Package: url 2013/09/16  ver 3.4  Verb mode for urls, etc.
)
LaTeX Info: Redefining \url on input line 4804.
\XeTeXLinkMargin=\dimen174
 (/usr/share/texlive/texmf-dist/tex/generic/bitset/bitset.sty
Package: bitset 2019/12/09 v1.3 Handle bit-vector datatype (HO)
 (/usr/share/texlive/texmf-dist/tex/generic/bigintcalc/bigintcalc.sty
Package: bigintcalc 2019/12/15 v1.5 Expandable calculations on big integers (HO)
))
\Fld@menulength=\count276
\Field@Width=\dimen175
\Fld@charsize=\dimen176
Package hyperref Info: Hyper figures OFF on input line 6075.
Package hyperref Info: Link nesting OFF on input line 6080.
Package hyperref Info: Hyper index ON on input line 6083.
Package hyperref Info: backreferencing OFF on input line 6090.
Package hyperref Info: Link coloring OFF on input line 6095.
Package hyperref Info: Link coloring with OCG OFF on input line 6100.
Package hyperref Info: PDF/A mode OFF on input line 6105.
LaTeX Info: Redefining \ref on input line 6145.
LaTeX Info: Redefining \pageref on input line 6149.
 (/usr/share/texlive/texmf-dist/tex/latex/base/atbegshi-ltx.sty
Package: atbegshi-ltx 2020/08/17 v1.0a Emulation of the original atbegshi package
with kernel methods
)
\Hy@abspage=\count277
\c@Item=\count278
\c@Hfootnote=\count279
)
Package hyperref Info: Driver (autodetected): hpdftex.
 (/usr/share/texlive/texmf-dist/tex/latex/hyperref/hpdftex.def
File: hpdftex.def 2021-02-27 v7.00k Hyperref driver for pdfTeX
 (/usr/share/texlive/texmf-dist/tex/latex/base/atveryend-ltx.sty
Package: atveryend-ltx 2020/08/19 v1.0a Emulation of the original atvery package
with kernel methods
)
\Fld@listcount=\count280
\c@bookmark@seq@number=\count281
 (/usr/share/texlive/texmf-dist/tex/latex/rerunfilecheck/rerunfilecheck.sty
Package: rerunfilecheck 2019/12/05 v1.9 Rerun checks for auxiliary files (HO)
 (/usr/share/texlive/texmf-dist/tex/generic/uniquecounter/uniquecounter.sty
Package: uniquecounter 2019/12/15 v1.4 Provide unlimited unique counter (HO)
)
Package uniquecounter Info: New unique counter `rerunfilecheck' on input line 286.
)
\Hy@SectionHShift=\skip53
) (/usr/share/texlive/texmf-dist/tex/latex/cite/cite.sty
LaTeX Info: Redefining \cite on input line 302.
LaTeX Info: Redefining \nocite on input line 332.
Package: cite 2015/02/27  v 5.5
) (/usr/share/texlive/texmf-dist/tex/latex/booktabs/booktabs.sty
Package: booktabs 2020/01/12 v1.61803398 Publication quality tables
\heavyrulewidth=\dimen177
\lightrulewidth=\dimen178
\cmidrulewidth=\dimen179
\belowrulesep=\dimen180
\belowbottomsep=\dimen181
\aboverulesep=\dimen182
\abovetopsep=\dimen183
\cmidrulesep=\dimen184
\cmidrulekern=\dimen185
\defaultaddspace=\dimen186
\@cmidla=\count282
\@cmidlb=\count283
\@aboverulesep=\dimen187
\@belowrulesep=\dimen188
\@thisruleclass=\count284
\@lastruleclass=\count285
\@thisrulewidth=\dimen189
) (/usr/share/texlive/texmf-dist/tex/latex/float/float.sty
Package: float 2001/11/08 v1.3d Float enhancements (AL)
\c@float@type=\count286
\float@exts=\toks22
\float@box=\box51
\@float@everytoks=\toks23
\@floatcapt=\box52
) (/usr/share/texlive/texmf-dist/tex/latex/caption/subcaption.sty
Package: subcaption 2020/10/07 v1.3j Sub-captions (AR)
 (/usr/share/texlive/texmf-dist/tex/latex/caption/caption.sty
Package: caption 2020/10/26 v3.5g Customizing captions (AR)
 (/usr/share/texlive/texmf-dist/tex/latex/caption/caption3.sty
Package: caption3 2020/10/21 v2.2e caption3 kernel (AR)
\captionmargin=\dimen190
\captionmargin@=\dimen191
\captionwidth=\dimen192
\caption@tempdima=\dimen193
\caption@indent=\dimen194
\caption@parindent=\dimen195
\caption@hangindent=\dimen196
Package caption Info: Unknown document class (or package),
(caption)             standard defaults will be used.
Package caption Info: \@makecaption = \long macro:#1#2->\ifx \@captype \@IEEEtablestring \footnotesize \bgroup \par \centering \@IEEEtabletopskipstrut {\normalfont \footnotesize #1}\\{\normalfont \footnotesize \scshape #2}\par \addvspace {0.5\baselineskip }\egroup \@IEEEtablecaptionsepspace \else \@IEEEfigurecaptionsepspace \setbox \@tempboxa \hbox {\normalfont \footnotesize {#1.}\nobreakspace \nobreakspace #2}\ifdim \wd \@tempboxa >\hsize \setbox \@tempboxa \hbox {\normalfont \footnotesize {#1.}\nobreakspace \nobreakspace }\parbox [t]{\hsize }{\normalfont \footnotesize \noindent \unhbox \@tempboxa #2}\else \ifCLASSOPTIONconference \hbox to\hsize {\normalfont \footnotesize \hfil \box \@tempboxa \hfil }\else \hbox to\hsize {\normalfont \footnotesize \box \@tempboxa \hfil }\fi \fi \fi  on input line 1139.
)

Package caption Warning: Unknown document class (or package),
(caption)                standard defaults will be used.
See the caption package documentation for explanation.

\c@caption@flags=\count287
\c@continuedfloat=\count288
Package caption Info: float package is loaded.
Package caption Info: hyperref package is loaded.
)
\c@subfigure=\count289
\c@subtable=\count290
) (/usr/share/texlive/texmf-dist/tex/latex/placeins/placeins.sty
Package: placeins 2005/04/18  v 2.2
) (/usr/share/texlive/texmf-dist/tex/latex/l3backend/l3backend-pdftex.def
File: l3backend-pdftex.def 2021-03-18 L3 backend support: PDF output (pdfTeX)
\l__color_backend_stack_int=\count291
\l__pdf_internal_box=\box53
) (./main.aux)
\openout1 = `main.aux'.

LaTeX Font Info:    Checking defaults for OML/cmm/m/it on input line 13.
LaTeX Font Info:    ... okay on input line 13.
LaTeX Font Info:    Checking defaults for OMS/cmsy/m/n on input line 13.
LaTeX Font Info:    ... okay on input line 13.
LaTeX Font Info:    Checking defaults for OT1/cmr/m/n on input line 13.
LaTeX Font Info:    ... okay on input line 13.
LaTeX Font Info:    Checking defaults for T1/cmr/m/n on input line 13.
LaTeX Font Info:    ... okay on input line 13.
LaTeX Font Info:    Checking defaults for TS1/cmr/m/n on input line 13.
LaTeX Font Info:    ... okay on input line 13.
LaTeX Font Info:    Checking defaults for OMX/cmex/m/n on input line 13.
LaTeX Font Info:    ... okay on input line 13.
LaTeX Font Info:    Checking defaults for U/cmr/m/n on input line 13.
LaTeX Font Info:    ... okay on input line 13.
LaTeX Font Info:    Checking defaults for PD1/pdf/m/n on input line 13.
LaTeX Font Info:    ... okay on input line 13.
LaTeX Font Info:    Checking defaults for PU/pdf/m/n on input line 13.
LaTeX Font Info:    ... okay on input line 13.

-- Lines per column: 58 (exact).
(/usr/share/texlive/texmf-dist/tex/context/base/mkii/supp-pdf.mkii
[Loading MPS to PDF converter (version 2006.09.02).]
\scratchcounter=\count292
\scratchdimen=\dimen197
\scratchbox=\box54
\nofMPsegments=\count293
\nofMParguments=\count294
\everyMPshowfont=\toks24
\MPscratchCnt=\count295
\MPscratchDim=\dimen198
\MPnumerator=\count296
\makeMPintoPDFobject=\count297
\everyMPtoPDFconversion=\toks25
) (/usr/share/texlive/texmf-dist/tex/latex/epstopdf-pkg/epstopdf-base.sty
Package: epstopdf-base 2020-01-24 v2.11 Base part for package epstopdf
Package epstopdf-base Info: Redefining graphics rule for `.eps' on input line 485.
 (/usr/share/texlive/texmf-dist/tex/latex/latexconfig/epstopdf-sys.cfg
File: epstopdf-sys.cfg 2010/07/13 v1.3 Configuration of (r)epstopdf for TeX Live
))
Package hyperref Info: Link coloring OFF on input line 13.
 (/usr/share/texlive/texmf-dist/tex/latex/hyperref/nameref.sty
Package: nameref 2021-04-02 v2.47 Cross-referencing by name of section
 (/usr/share/texlive/texmf-dist/tex/latex/refcount/refcount.sty
Package: refcount 2019/12/15 v3.6 Data extraction from label references (HO)
) (/usr/share/texlive/texmf-dist/tex/generic/gettitlestring/gettitlestring.sty
Package: gettitlestring 2019/12/15 v1.6 Cleanup title references (HO)
)
\c@section@level=\count298
)
LaTeX Info: Redefining \ref on input line 13.
LaTeX Info: Redefining \pageref on input line 13.
LaTeX Info: Redefining \nameref on input line 13.
 (./main.out) (./main.out)
\@outlinefile=\write3
\openout3 = `main.out'.

Package caption Info: Begin \AtBeginDocument code.
Package caption Info: End \AtBeginDocument code.
LaTeX Font Info:    Calculating math sizes for size <11> on input line 31.
LaTeX Font Info:    Trying to load font information for U+msa on input line 31.
 (/usr/share/texlive/texmf-dist/tex/latex/amsfonts/umsa.fd
File: umsa.fd 2013/01/14 v3.01 AMS symbols A
)
LaTeX Font Info:    Trying to load font information for U+msb on input line 31.
 (/usr/share/texlive/texmf-dist/tex/latex/amsfonts/umsb.fd
File: umsb.fd 2013/01/14 v3.01 AMS symbols B
)
LaTeX Font Info:    Trying to load font information for OT1+pcr on input line 31.
 (/usr/share/texlive/texmf-dist/tex/latex/psnfss/ot1pcr.fd
File: ot1pcr.fd 2001/06/04 font definitions for OT1/pcr.
) (./chapters/00_abstract.tex) (./chapters/01_introduction.tex) (./chapters/02_related.tex [1{/usr/share/texlive/texmf-dist/fonts/map/pdftex/updmap/pdftex.map}


]) (./chapters/03_methods.tex
<figures/cortextophosphenelocations4utaharrays.png, id=191, 714.7503pt x 359.9046pt>
File: figures/cortextophosphenelocations4utaharrays.png Graphic file (type png)
<use figures/cortextophosphenelocations4utaharrays.png>
Package pdftex.def Info: figures/cortextophosphenelocations4utaharrays.png  used on input line 18.
(pdftex.def)             Requested size: 226.79846pt x 114.19978pt.
 [2 <./figures/cortextophosphenelocations4utaharrays.png>]
<figures/phosphenerendering4utaharrays.png, id=221, 710.4141pt x 377.2494pt>
File: figures/phosphenerendering4utaharrays.png Graphic file (type png)
<use figures/phosphenerendering4utaharrays.png>
Package pdftex.def Info: figures/phosphenerendering4utaharrays.png  used on input line 68.
(pdftex.def)             Requested size: 226.79846pt x 120.43445pt.
LaTeX Font Info:    Trying to load font information for TS1+ptm on input line 69.
 (/usr/share/texlive/texmf-dist/tex/latex/psnfss/ts1ptm.fd
File: ts1ptm.fd 2001/06/04 font definitions for TS1/ptm.
) [3 <./figures/phosphenerendering4utaharrays.png>]
<figures/dynamicamplitudenorm.png, id=229, 807.9786pt x 253.6677pt>
File: figures/dynamicamplitudenorm.png Graphic file (type png)
<use figures/dynamicamplitudenorm.png>
Package pdftex.def Info: figures/dynamicamplitudenorm.png  used on input line 133.
(pdftex.def)             Requested size: 226.79846pt x 71.20451pt.


pdfTeX warning: pdflatex (file ./figures/SCAPElandscapeblack.pdf): PDF inclusion: found PDF version <1.7>, but at most version <1.5> allowed
<figures/SCAPElandscapeblack.pdf, id=230, 811.11026pt x 398.4486pt>
File: figures/SCAPElandscapeblack.pdf Graphic file (type pdf)
<use figures/SCAPElandscapeblack.pdf>
Package pdftex.def Info: figures/SCAPElandscapeblack.pdf  used on input line 151.
(pdftex.def)             Requested size: 516.0pt x 253.49234pt.

Package hyperref Warning: Token not allowed in a PDF string (Unicode):
(hyperref)                removing `math shift' on input line 196.


Package hyperref Warning: Token not allowed in a PDF string (Unicode):
(hyperref)                removing `\sigma' on input line 196.

[4 <./figures/dynamicamplitudenorm.png>] [5 <./figures/SCAPElandscapeblack.pdf>]
Underfull \hbox (badness 3428) in paragraph at lines 257--258
[]\OT1/ptm/b/n/10 Squeeze-and-Excitation (SE) blocks \OT1/ptm/m/n/10 to adap-tively
 []


Underfull \hbox (badness 1867) in paragraph at lines 262--263
[]\OT1/ptm/m/n/10 Down-sampling is achieved via max-pooling and up-
 []

[6]) (./chapters/04_experiments.tex [7]
<figures/implant schemes/1024default.png, id=301, 259.4493pt x 1143.3114pt>
File: figures/implant schemes/1024default.png Graphic file (type png)
<use figures/implant schemes/1024default.png>
Package pdftex.def Info: figures/implant schemes/1024default.png  used on input line 68.
(pdftex.def)             Requested size: 118.6778pt x 522.98134pt.
<figures/implant schemes/neuralink.png, id=302, 250.0542pt x 1143.3114pt>
File: figures/implant schemes/neuralink.png Graphic file (type png)
<use figures/implant schemes/neuralink.png>
Package pdftex.def Info: figures/implant schemes/neuralink.png  used on input line 69.
(pdftex.def)             Requested size: 115.07172pt x 526.13898pt.
<figures/implant schemes/1 utah array.png, id=303, 250.0542pt x 1143.3114pt>
File: figures/implant schemes/1 utah array.png Graphic file (type png)
<use figures/implant schemes/1 utah array.png>
Package pdftex.def Info: figures/implant schemes/1 utah array.png  used on input line 70.
(pdftex.def)             Requested size: 115.07172pt x 526.13898pt.
<figures/implant schemes/4 utah arrays.png, id=304, 250.0542pt x 1143.3114pt>
File: figures/implant schemes/4 utah arrays.png Graphic file (type png)
<use figures/implant schemes/4 utah arrays.png>
Package pdftex.def Info: figures/implant schemes/4 utah arrays.png  used on input line 71.
(pdftex.def)             Requested size: 115.07172pt x 526.13898pt.
<figures/processingmethods1.png, id=310, 1069.596pt x 429.2838pt>
File: figures/processingmethods1.png Graphic file (type png)
<use figures/processingmethods1.png>
Package pdftex.def Info: figures/processingmethods1.png  used on input line 96.
(pdftex.def)             Requested size: 516.0pt x 207.10193pt.
<figures/processingmethods2.png, id=311, 1069.596pt x 429.2838pt>
File: figures/processingmethods2.png Graphic file (type png)
<use figures/processingmethods2.png>
Package pdftex.def Info: figures/processingmethods2.png  used on input line 97.
(pdftex.def)             Requested size: 516.0pt x 207.10193pt.
<figures/processingmethods3.png, id=312, 1069.596pt x 429.2838pt>
File: figures/processingmethods3.png Graphic file (type png)
<use figures/processingmethods3.png>
Package pdftex.def Info: figures/processingmethods3.png  used on input line 98.
(pdftex.def)             Requested size: 516.0pt x 207.10193pt.
 [8]
Underfull \vbox (badness 10000) has occurred while \output is active []


Underfull \vbox (badness 10000) has occurred while \output is active []

 [9 <./figures/implant schemes/1024default.png> <./figures/implant schemes/neuralink.png> <./figures/implant schemes/1 utah array.png> <./figures/implant schemes/4 utah arrays.png>]

LaTeX Warning: Text page 10 contains only floats.


Overfull \vbox (13.50586pt too high) has occurred while \output is active []



LaTeX Warning: Text page 10 contains only floats.


Overfull \vbox (13.50586pt too high) has occurred while \output is active []

 [10 <./figures/processingmethods1.png> <./figures/processingmethods2.png> <./figures/processingmethods3.png>]) (./chapters/05_results.tex
<figures/RSA.png, id=350, 421.87613pt x 1079.98482pt>
File: figures/RSA.png Graphic file (type png)
<use figures/RSA.png>
Package pdftex.def Info: figures/RSA.png  used on input line 25.
(pdftex.def)             Requested size: 226.79846pt x 580.5794pt.
 [11]

LaTeX Warning: Text page 12 contains only floats.


Overfull \vbox (3.97955pt too high) has occurred while \output is active []

</home/mappel/Dynaphos/spatial_frequency/results/DoG_coco/images/sample_0010.png, id=364, 1084.05pt x 361.35pt>
File: /home/mappel/Dynaphos/spatial_frequency/results/DoG_coco/images/sample_0010.png Graphic file (type png)
<use /home/mappel/Dynaphos/spatial_frequency/results/DoG_coco/images/sample_0010.png>
Package pdftex.def Info: /home/mappel/Dynaphos/spatial_frequency/results/DoG_coco/images/sample_0010.png  used on input line 60.
(pdftex.def)             Requested size: 239.39923pt x 79.79498pt.
</home/mappel/Dynaphos/spatial_frequency/results/canny_coco/images/sample_0010.png, id=365, 1084.05pt x 361.35pt>
File: /home/mappel/Dynaphos/spatial_frequency/results/canny_coco/images/sample_0010.png Graphic file (type png)
<use /home/mappel/Dynaphos/spatial_frequency/results/canny_coco/images/sample_0010.png>
Package pdftex.def Info: /home/mappel/Dynaphos/spatial_frequency/results/canny_coco/images/sample_0010.png  used on input line 61.
(pdftex.def)             Requested size: 239.39923pt x 79.79498pt.
</home/mappel/Dynaphos/spatial_frequency/results/random_coco/images/sample_0010.png, id=366, 1084.05pt x 361.35pt>
File: /home/mappel/Dynaphos/spatial_frequency/results/random_coco/images/sample_0010.png Graphic file (type png)
<use /home/mappel/Dynaphos/spatial_frequency/results/random_coco/images/sample_0010.png>
Package pdftex.def Info: /home/mappel/Dynaphos/spatial_frequency/results/random_coco/images/sample_0010.png  used on input line 62.
(pdftex.def)             Requested size: 239.39923pt x 79.79498pt.
</home/mappel/Dynaphos/spatial_frequency/results/DoG_lapa/images/sample_0008.png, id=367, 1084.05pt x 361.35pt>
File: /home/mappel/Dynaphos/spatial_frequency/results/DoG_lapa/images/sample_0008.png Graphic file (type png)
<use /home/mappel/Dynaphos/spatial_frequency/results/DoG_lapa/images/sample_0008.png>
Package pdftex.def Info: /home/mappel/Dynaphos/spatial_frequency/results/DoG_lapa/images/sample_0008.png  used on input line 69.
(pdftex.def)             Requested size: 239.39923pt x 79.79498pt.
</home/mappel/Dynaphos/spatial_frequency/results/canny_lapa/images/sample_0008.png, id=368, 1084.05pt x 361.35pt>
File: /home/mappel/Dynaphos/spatial_frequency/results/canny_lapa/images/sample_0008.png Graphic file (type png)
<use /home/mappel/Dynaphos/spatial_frequency/results/canny_lapa/images/sample_0008.png>
Package pdftex.def Info: /home/mappel/Dynaphos/spatial_frequency/results/canny_lapa/images/sample_0008.png  used on input line 70.
(pdftex.def)             Requested size: 239.39923pt x 79.79498pt.
</home/mappel/Dynaphos/spatial_frequency/results/random_lapa/images/sample_0008.png, id=369, 1084.05pt x 361.35pt>
File: /home/mappel/Dynaphos/spatial_frequency/results/random_lapa/images/sample_0008.png Graphic file (type png)
<use /home/mappel/Dynaphos/spatial_frequency/results/random_lapa/images/sample_0008.png>
Package pdftex.def Info: /home/mappel/Dynaphos/spatial_frequency/results/random_lapa/images/sample_0008.png  used on input line 71.
(pdftex.def)             Requested size: 239.39923pt x 79.79498pt.


LaTeX Warning: `h' float specifier changed to `ht'.

</home/mappel/Dynaphos/spatial_frequency/results/DoG_sun/images/sample_0008.png, id=370, 1084.05pt x 361.35pt>
File: /home/mappel/Dynaphos/spatial_frequency/results/DoG_sun/images/sample_0008.png Graphic file (type png)
<use /home/mappel/Dynaphos/spatial_frequency/results/DoG_sun/images/sample_0008.png>
Package pdftex.def Info: /home/mappel/Dynaphos/spatial_frequency/results/DoG_sun/images/sample_0008.png  used on input line 78.
(pdftex.def)             Requested size: 239.39923pt x 79.79498pt.
</home/mappel/Dynaphos/spatial_frequency/results/canny_sun/images/sample_0008.png, id=371, 1084.05pt x 361.35pt>
File: /home/mappel/Dynaphos/spatial_frequency/results/canny_sun/images/sample_0008.png Graphic file (type png)
<use /home/mappel/Dynaphos/spatial_frequency/results/canny_sun/images/sample_0008.png>
Package pdftex.def Info: /home/mappel/Dynaphos/spatial_frequency/results/canny_sun/images/sample_0008.png  used on input line 79.
(pdftex.def)             Requested size: 239.39923pt x 79.79498pt.
</home/mappel/Dynaphos/spatial_frequency/results/random_sun/images/sample_0008.png, id=372, 1084.05pt x 361.35pt>
File: /home/mappel/Dynaphos/spatial_frequency/results/random_sun/images/sample_0008.png Graphic file (type png)
<use /home/mappel/Dynaphos/spatial_frequency/results/random_sun/images/sample_0008.png>
Package pdftex.def Info: /home/mappel/Dynaphos/spatial_frequency/results/random_sun/images/sample_0008.png  used on input line 80.
(pdftex.def)             Requested size: 239.39923pt x 79.79498pt.

LaTeX Warning: `h' float specifier changed to `ht'.

) (./chapters/06_conclusion.tex [12 <./figures/RSA.png> </home/mappel/Dynaphos/spatial_frequency/results/DoG_coco/images/sample_0010.png> </home/mappel/Dynaphos/spatial_frequency/results/canny_coco/images/sample_0010.png> </home/mappel/Dynaphos/spatial_frequency/results/random_coco/images/sample_0010.png>] [13 </home/mappel/Dynaphos/spatial_frequency/results/DoG_lapa/images/sample_0008.png> </home/mappel/Dynaphos/spatial_frequency/results/canny_lapa/images/sample_0008.png> </home/mappel/Dynaphos/spatial_frequency/results/random_lapa/images/sample_0008.png> </home/mappel/Dynaphos/spatial_frequency/results/DoG_sun/images/sample_0008.png> </home/mappel/Dynaphos/spatial_frequency/results/canny_sun/images/sample_0008.png> </home/mappel/Dynaphos/spatial_frequency/results/random_sun/images/sample_0008.png>]
Underfull \hbox (badness 2856) in paragraph at lines 23--24
[]\OT1/ptm/m/n/10 Equally im-por-tant is the com-pu-ta-tional ef-fi-ciency of
 []

[14]) (./main.bbl) [15] (./main.aux)
Package rerunfilecheck Info: File `main.out' has not changed.
(rerunfilecheck)             Checksum: 10AB329A2C35432E8235CF7F9F0566F5;7379.
 ) 
Here is how much of TeX's memory you used:
 11613 strings out of 481008
 183491 string characters out of 5909440
 494932 words of memory out of 5000000
 28481 multiletter control sequences out of 15000+600000
 448690 words of font info for 124 fonts, out of 8000000 for 9000
 14 hyphenation exceptions out of 8191
 71i,11n,77p,1395b,480s stack positions out of 5000i,500n,10000p,200000b,80000s
{/usr/share/texlive/texmf-dist/fonts/enc/dvips/base/8r.enc}</usr/share/texlive/texmf-dist/fonts/type1/public/amsfonts/cm/cmbx10.pfb></usr/share/texlive/texmf-dist/fonts/type1/public/amsfonts/cm/cmex10.pfb></usr/share/texlive/texmf-dist/fonts/type1/public/amsfonts/cm/cmmi10.pfb></usr/share/texlive/texmf-dist/fonts/type1/public/amsfonts/cm/cmmi5.pfb></usr/share/texlive/texmf-dist/fonts/type1/public/amsfonts/cm/cmmi7.pfb></usr/share/texlive/texmf-dist/fonts/type1/public/amsfonts/cm/cmmi8.pfb></usr/share/texlive/texmf-dist/fonts/type1/public/amsfonts/cm/cmr10.pfb></usr/share/texlive/texmf-dist/fonts/type1/public/amsfonts/cm/cmr5.pfb></usr/share/texlive/texmf-dist/fonts/type1/public/amsfonts/cm/cmr7.pfb></usr/share/texlive/texmf-dist/fonts/type1/public/amsfonts/cm/cmsy10.pfb></usr/share/texlive/texmf-dist/fonts/type1/public/amsfonts/cm/cmsy7.pfb></usr/share/texlive/texmf-dist/fonts/type1/public/amsfonts/cm/cmsy8.pfb></usr/share/texlive/texmf-dist/fonts/type1/urw/courier/ucrr8a.pfb></usr/share/texlive/texmf-dist/fonts/type1/urw/times/utmb8a.pfb></usr/share/texlive/texmf-dist/fonts/type1/urw/times/utmbi8a.pfb></usr/share/texlive/texmf-dist/fonts/type1/urw/times/utmr8a.pfb></usr/share/texlive/texmf-dist/fonts/type1/urw/times/utmri8a.pfb>
Output written on main.pdf (15 pages, 6138115 bytes).
PDF statistics:
 485 PDF objects out of 1000 (max. 8388607)
 394 compressed objects within 4 object streams
 108 named destinations out of 1000 (max. 500000)
 434 words of extra memory for PDF output out of 10000 (max. 10000000)

